This file contains any messages produced by compilers while
running configure, to aid debugging if configure makes a mistake.

It was created by Epson-ALC1100-filter configure 1.2, which was
generated by GNU Autoconf 2.57.  Invocation command line was

  $ ./configure 

## --------- ##
## Platform. ##
## --------- ##

hostname = paulw-VPCF12M0E
uname -m = x86_64
uname -r = 2.6.35-22-generic
uname -s = Linux
uname -v = #35-Ubuntu SMP Sat Oct 16 20:45:36 UTC 2010

/usr/bin/uname -p = unknown
/bin/uname -X     = unknown

/bin/arch              = unknown
/usr/bin/arch -k       = unknown
/usr/convex/getsysinfo = unknown
hostinfo               = unknown
/bin/machine           = unknown
/usr/bin/oslevel       = unknown
/bin/universe          = unknown

PATH: /usr/local/sbin
PATH: /usr/local/bin
PATH: /usr/sbin
PATH: /usr/bin
PATH: /sbin
PATH: /bin
PATH: /usr/X11R6/bin


## ----------- ##
## Core tests. ##
## ----------- ##

configure:1277: checking for a BSD-compatible install
configure:1331: result: /usr/bin/install -c
configure:1342: checking whether build environment is sane
configure:1385: result: yes
configure:1410: WARNING: `missing' script is too old or missing
configure:1418: checking for gawk
configure:1447: result: no
configure:1418: checking for mawk
configure:1434: found /usr/bin/mawk
configure:1444: result: mawk
configure:1454: checking whether make sets $(MAKE)
configure:1474: result: yes
configure:1675: checking for gcc
configure:1691: found /usr/bin/gcc
configure:1701: result: gcc
configure:1945: checking for C compiler version
configure:1948: gcc --version </dev/null >&5
gcc (Ubuntu/Linaro 4.4.4-14ubuntu5) 4.4.5
Copyright (C) 2010 Free Software Foundation, Inc.
This is free software; see the source for copying conditions.  There is NO
warranty; not even for MERCHANTABILITY or FITNESS FOR A PARTICULAR PURPOSE.

configure:1951: $? = 0
configure:1953: gcc -v </dev/null >&5
Using built-in specs.
Target: x86_64-linux-gnu
Configured with: ../src/configure -v --with-pkgversion='Ubuntu/Linaro 4.4.4-14ubuntu5' --with-bugurl=file:///usr/share/doc/gcc-4.4/README.Bugs --enable-languages=c,c++,fortran,objc,obj-c++ --prefix=/usr --program-suffix=-4.4 --enable-shared --enable-multiarch --enable-linker-build-id --with-system-zlib --libexecdir=/usr/lib --without-included-gettext --enable-threads=posix --with-gxx-include-dir=/usr/include/c++/4.4 --libdir=/usr/lib --enable-nls --with-sysroot=/ --enable-clocale=gnu --enable-libstdcxx-debug --enable-objc-gc --disable-werror --with-arch-32=i686 --with-tune=generic --enable-checking=release --build=x86_64-linux-gnu --host=x86_64-linux-gnu --target=x86_64-linux-gnu
Thread model: posix
gcc version 4.4.5 (Ubuntu/Linaro 4.4.4-14ubuntu5) 
configure:1956: $? = 0
configure:1958: gcc -V </dev/null >&5
gcc: '-V' option must have argument
configure:1961: $? = 1
configure:1985: checking for C compiler default output
configure:1988: gcc    conftest.c  >&5
configure:1991: $? = 0
configure:2037: result: a.out
configure:2042: checking whether the C compiler works
configure:2048: ./a.out
configure:2051: $? = 0
configure:2068: result: yes
configure:2075: checking whether we are cross compiling
configure:2077: result: no
configure:2080: checking for suffix of executables
configure:2082: gcc -o conftest    conftest.c  >&5
configure:2085: $? = 0
configure:2110: result: 
configure:2116: checking for suffix of object files
configure:2138: gcc -c   conftest.c >&5
configure:2141: $? = 0
configure:2163: result: o
configure:2167: checking whether we are using the GNU C compiler
configure:2192: gcc -c   conftest.c >&5
configure:2195: $? = 0
configure:2198: test -s conftest.o
configure:2201: $? = 0
configure:2214: result: yes
configure:2220: checking whether gcc accepts -g
configure:2242: gcc -c -g  conftest.c >&5
configure:2245: $? = 0
configure:2248: test -s conftest.o
configure:2251: $? = 0
configure:2262: result: yes
configure:2279: checking for gcc option to accept ANSI C
configure:2340: gcc  -c -g -O2  conftest.c >&5
configure:2343: $? = 0
configure:2346: test -s conftest.o
configure:2349: $? = 0
configure:2367: result: none needed
configure:2385: gcc -c -g -O2  conftest.c >&5
conftest.c:2: error: expected '=', ',', ';', 'asm' or '__attribute__' before 'me'
configure:2388: $? = 1
configure: failed program was:
| #ifndef __cplusplus
|   choke me
| #endif
configure:2516: checking for style of include used by make
configure:2544: result: GNU
configure:2572: checking dependency style of gcc
configure:2634: result: none
configure:2651: checking for a BSD-compatible install
configure:2705: result: /usr/bin/install -c
configure:2720: checking for gawk
configure:2746: result: mawk
configure:2759: checking for rpmbuild
configure:2788: result: no
configure:2797: checking for cups-config
configure:2813: found /usr/bin/cups-config
configure:2823: result: yes
configure:2954: creating ./config.status

## ---------------------- ##
## Running config.status. ##
## ---------------------- ##

This file was extended by Epson-ALC1100-filter config.status 1.2, which was
generated by GNU Autoconf 2.57.  Invocation command line was

  CONFIG_FILES    = 
  CONFIG_HEADERS  = 
  CONFIG_LINKS    = 
  CONFIG_COMMANDS = 
  $ ./config.status 

on paulw-VPCF12M0E

config.status:655: creating Makefile
config.status:759: creating config.h
config.status:844: config.h is unchanged
config.status:950: executing depfiles commands

## ---------------- ##
## Cache variables. ##
## ---------------- ##

ac_cv_c_compiler_gnu=yes
ac_cv_env_CC_set=
ac_cv_env_CC_value=
ac_cv_env_CFLAGS_set=
ac_cv_env_CFLAGS_value=
ac_cv_env_CPPFLAGS_set=
ac_cv_env_CPPFLAGS_value=
ac_cv_env_LDFLAGS_set=
ac_cv_env_LDFLAGS_value=
ac_cv_env_build_alias_set=
ac_cv_env_build_alias_value=
ac_cv_env_host_alias_set=
ac_cv_env_host_alias_value=
ac_cv_env_target_alias_set=
ac_cv_env_target_alias_value=
ac_cv_exeext=
ac_cv_objext=o
ac_cv_path_install='/usr/bin/install -c'
ac_cv_prog_AWK=mawk
ac_cv_prog_ac_ct_CC=gcc
ac_cv_prog_cc_g=yes
ac_cv_prog_cc_stdc=
ac_cv_prog_have_cups_config=yes
ac_cv_prog_make_make_set=yes
am_cv_CC_dependencies_compiler_type=none

## ----------------- ##
## Output variables. ##
## ----------------- ##

ACLOCAL='aclocal-1.6'
AMDEPBACKSLASH='\'
AMDEP_FALSE='#'
AMDEP_TRUE=''
AMTAR='tar'
AUTOCONF='autoconf'
AUTOHEADER='autoheader'
AUTOMAKE='automake-1.6'
AWK='mawk'
CC='gcc'
CCDEPMODE='depmode=none'
CFLAGS='-g -O2'
CPPFLAGS=''
CUPS_CFLAGS=''
CUPS_DATA_DIR='/usr/share/cups'
CUPS_IMAGE_LIBS='-lcupsimage -lcups -lgssapi_krb5 -lgnutls -lgcrypt -lz -lm -lcrypt'
CUPS_LDFLAGS=''
CUPS_LIBS='-lcups -lgssapi_krb5 -lgnutls -lgcrypt -lz -lm -lcrypt'
CUPS_SERVER_DIR='/usr/lib/cups'
DEFS='-DHAVE_CONFIG_H'
DEPDIR='.deps'
ECHO_C=''
ECHO_N='-n'
ECHO_T=''
EXEEXT=''
INSTALL_DATA='${INSTALL} -m 644'
INSTALL_PROGRAM='${INSTALL}'
INSTALL_SCRIPT='${INSTALL}'
INSTALL_STRIP_PROGRAM='${SHELL} $(install_sh) -c -s'
LDFLAGS=''
LIBOBJS=''
LIBS=''
LTLIBOBJS=''
MAKEINFO='makeinfo'
OBJEXT='o'
PACKAGE='Epson-ALC1100-filter'
PACKAGE_BUGREPORT='pipsplus-bugs@avasys.jp'
PACKAGE_NAME='Epson-ALC1100-filter'
PACKAGE_STRING='Epson-ALC1100-filter 1.2'
PACKAGE_TARNAME='epson-alc1100-filter'
PACKAGE_VERSION='1.2'
PATH_SEPARATOR=':'
RPMBUILD=''
SET_MAKE=''
SHELL='/bin/bash'
STRIP=''
VERSION='1.2'
ac_ct_CC='gcc'
ac_ct_STRIP=''
am__include='include'
am__quote=''
bindir='${exec_prefix}/bin'
build_alias=''
datadir='${prefix}/share'
exec_prefix='${prefix}'
have_cups_config='yes'
host_alias=''
includedir='${prefix}/include'
infodir='${prefix}/info'
install_sh='/home/paulw/Old Laptop Backup/paulw-old/Downloads/C1100/Epson-ALC1100-filter-1.2/install-sh'
libdir='${exec_prefix}/lib'
libexecdir='${exec_prefix}/libexec'
localstatedir='${prefix}/var'
mandir='${prefix}/man'
oldincludedir='/usr/include'
prefix='/usr/local'
program_transform_name='s,x,x,'
rpmdir=''
sbindir='${exec_prefix}/sbin'
sharedstatedir='${prefix}/com'
sysconfdir='${prefix}/etc'
target_alias=''

## ----------- ##
## confdefs.h. ##
## ----------- ##

#define PACKAGE "Epson-ALC1100-filter"
#define PACKAGE_BUGREPORT "pipsplus-bugs@avasys.jp"
#define PACKAGE_NAME "Epson-ALC1100-filter"
#define PACKAGE_STRING "Epson-ALC1100-filter 1.2"
#define PACKAGE_TARNAME "epson-alc1100-filter"
#define PACKAGE_VERSION "1.2"
#define VERSION "1.2"

configure: exit 0
